<?xml version="1.0" encoding="UTF-8"?>
<testng-results ignored="0" total="2" passed="2" failed="0" skipped="0">
  <reporter-output>
  </reporter-output>
  <suite started-at="2018-11-13T10:56:41Z" name="tests.Test_EndtoEnd" finished-at="2018-11-13T10:56:47Z" duration-ms="6764">
    <groups>
    </groups>
    <test started-at="2018-11-13T10:56:41Z" name="Command line test" finished-at="2018-11-13T10:56:47Z" duration-ms="6764">
      <class name="tests.Test_EndtoEnd">
        <test-method is-config="true" signature="connectToEmail()[pri:0, instance:tests.Test_EndtoEnd@27ae2fd0]" started-at="2018-11-13T11:56:41Z" name="connectToEmail" finished-at="2018-11-13T11:56:44Z" duration-ms="3466" status="PASS">
          <reporter-output>
          </reporter-output>
        </test-method> <!-- connectToEmail -->
        <test-method signature="verifyReceivedEmail()[pri:0, instance:tests.Test_EndtoEnd@27ae2fd0]" started-at="2018-11-13T11:56:44Z" name="verifyReceivedEmail" finished-at="2018-11-13T11:56:45Z" duration-ms="426" status="PASS">
          <reporter-output>
          </reporter-output>
        </test-method> <!-- verifyReceivedEmail -->
        <test-method is-config="true" signature="connectToEmail()[pri:0, instance:tests.Test_EndtoEnd@27ae2fd0]" started-at="2018-11-13T11:56:45Z" name="connectToEmail" finished-at="2018-11-13T11:56:47Z" duration-ms="2638" status="PASS">
          <reporter-output>
          </reporter-output>
        </test-method> <!-- connectToEmail -->
        <test-method signature="verifySentEmail()[pri:0, instance:tests.Test_EndtoEnd@27ae2fd0]" started-at="2018-11-13T11:56:47Z" name="verifySentEmail" finished-at="2018-11-13T11:56:47Z" duration-ms="157" status="PASS">
          <reporter-output>
          </reporter-output>
        </test-method> <!-- verifySentEmail -->
      </class> <!-- tests.Test_EndtoEnd -->
    </test> <!-- Command line test -->
  </suite> <!-- tests.Test_EndtoEnd -->
</testng-results>
